  [1m[36m (93.0ms)[0m  [1mCREATE TABLE "schema_migrations" ("version" varchar NOT NULL) [0m
  [1m[35m (0.0ms)[0m  select sqlite_version(*)
  [1m[36m (99.0ms)[0m  [1mCREATE UNIQUE INDEX "unique_schema_migrations" ON "schema_migrations" ("version")[0m
  [1m[35mActiveRecord::SchemaMigration Load (0.0ms)[0m  SELECT "schema_migrations".* FROM "schema_migrations"
Migrating to CreateCategories (20150907031940)
  [1m[36m (0.0ms)[0m  [1mbegin transaction[0m
  [1m[35m (1.0ms)[0m  CREATE TABLE "categories" ("id" INTEGER PRIMARY KEY AUTOINCREMENT NOT NULL, "name" varchar, "created_at" datetime NOT NULL, "updated_at" datetime NOT NULL) 
  [1m[36mSQL (1.0ms)[0m  [1mINSERT INTO "schema_migrations" ("version") VALUES (?)[0m  [["version", "20150907031940"]]
  [1m[35m (144.0ms)[0m  commit transaction
Migrating to CreateExpenses (20150907032105)
  [1m[36m (0.0ms)[0m  [1mbegin transaction[0m
  [1m[35m (1.0ms)[0m  CREATE TABLE "expenses" ("id" INTEGER PRIMARY KEY AUTOINCREMENT NOT NULL, "category_id" integer, "date" date, "concept" varchar, "amount" decimal, "created_at" datetime NOT NULL, "updated_at" datetime NOT NULL) 
  [1m[36m (0.0ms)[0m  [1mCREATE  INDEX "index_expenses_on_category_id" ON "expenses" ("category_id")[0m
  [1m[35mSQL (0.0ms)[0m  INSERT INTO "schema_migrations" ("version") VALUES (?)  [["version", "20150907032105"]]
  [1m[36m (71.0ms)[0m  [1mcommit transaction[0m
  [1m[35mActiveRecord::SchemaMigration Load (0.0ms)[0m  SELECT "schema_migrations".* FROM "schema_migrations"
  [1m[36m (0.0ms)[0m  [1m            SELECT sql
            FROM sqlite_master
            WHERE name='index_expenses_on_category_id' AND type='index'
            UNION ALL
            SELECT sql
            FROM sqlite_temp_master
            WHERE name='index_expenses_on_category_id' AND type='index'
[0m
  [1m[36mActiveRecord::SchemaMigration Load (0.0ms)[0m  [1mSELECT "schema_migrations".* FROM "schema_migrations"[0m
  [1m[35m (0.0ms)[0m  begin transaction
  [1m[36mSQL (0.0ms)[0m  [1mINSERT INTO "categories" ("name", "created_at", "updated_at") VALUES (?, ?, ?)[0m  [["name", "Restaurantes"], ["created_at", "2016-01-20 17:25:49.185492"], ["updated_at", "2016-01-20 17:25:49.185492"]]
  [1m[35m (102.0ms)[0m  commit transaction
  [1m[36m (0.0ms)[0m  [1mbegin transaction[0m
  [1m[35mSQL (1.0ms)[0m  INSERT INTO "categories" ("name", "created_at", "updated_at") VALUES (?, ?, ?)  [["name", "Carro"], ["created_at", "2016-01-20 17:25:49.295498"], ["updated_at", "2016-01-20 17:25:49.295498"]]
  [1m[36m (87.0ms)[0m  [1mcommit transaction[0m
  [1m[35m (0.0ms)[0m  begin transaction
  [1m[36mSQL (1.0ms)[0m  [1mINSERT INTO "categories" ("name", "created_at", "updated_at") VALUES (?, ?, ?)[0m  [["name", "Hogar"], ["created_at", "2016-01-20 17:25:49.383503"], ["updated_at", "2016-01-20 17:25:49.383503"]]
  [1m[35m (86.0ms)[0m  commit transaction
  [1m[36m (0.0ms)[0m  [1mbegin transaction[0m
  [1m[35mSQL (1.0ms)[0m  INSERT INTO "expenses" ("category_id", "date", "concept", "amount", "created_at", "updated_at") VALUES (?, ?, ?, ?, ?, ?)  [["category_id", 1], ["date", "2016-01-20"], ["concept", "Hamburguesas el burral"], ["amount", 32000.0], ["created_at", "2016-01-20 17:25:49.535512"], ["updated_at", "2016-01-20 17:25:49.535512"]]
  [1m[36m (112.0ms)[0m  [1mcommit transaction[0m
  [1m[35m (0.0ms)[0m  begin transaction
  [1m[36mSQL (0.0ms)[0m  [1mINSERT INTO "expenses" ("category_id", "date", "concept", "amount", "created_at", "updated_at") VALUES (?, ?, ?, ?, ?, ?)[0m  [["category_id", 1], ["date", "2016-01-16"], ["concept", "Hamburguesas el burral"], ["amount", 45000.0], ["created_at", "2016-01-20 17:25:49.650519"], ["updated_at", "2016-01-20 17:25:49.650519"]]
  [1m[35m (86.0ms)[0m  commit transaction
  [1m[36m (0.0ms)[0m  [1mbegin transaction[0m
  [1m[35mSQL (1.0ms)[0m  INSERT INTO "expenses" ("category_id", "date", "concept", "amount", "created_at", "updated_at") VALUES (?, ?, ?, ?, ?, ?)  [["category_id", 2], ["date", "2016-01-20"], ["concept", "Gasolina"], ["amount", 80000.0], ["created_at", "2016-01-20 17:25:49.739524"], ["updated_at", "2016-01-20 17:25:49.739524"]]
  [1m[36m (86.0ms)[0m  [1mcommit transaction[0m
  [1m[35m (0.0ms)[0m  begin transaction
  [1m[36mSQL (1.0ms)[0m  [1mINSERT INTO "expenses" ("category_id", "date", "concept", "amount", "created_at", "updated_at") VALUES (?, ?, ?, ?, ?, ?)[0m  [["category_id", 3], ["date", "2016-01-14"], ["concept", "Lámparas"], ["amount", 350000.0], ["created_at", "2016-01-20 17:25:49.827529"], ["updated_at", "2016-01-20 17:25:49.827529"]]
  [1m[35m (86.0ms)[0m  commit transaction


Started GET "/" for ::1 at 2016-01-20 12:31:21 -0500
  [1m[36mActiveRecord::SchemaMigration Load (0.0ms)[0m  [1mSELECT "schema_migrations".* FROM "schema_migrations"[0m
Processing by ExpensesController#index as HTML
  [1m[35mCategory Load (1.0ms)[0m  SELECT "categories".* FROM "categories"
  [1m[36mExpense Load (1.0ms)[0m  [1mSELECT "expenses".* FROM "expenses"  ORDER BY date DESC[0m
  [1m[35mCategory Load (1.0ms)[0m  SELECT  "categories".* FROM "categories" WHERE "categories"."id" = ? LIMIT 1  [["id", 1]]
  [1m[36mCategory Load (0.0ms)[0m  [1mSELECT  "categories".* FROM "categories" WHERE "categories"."id" = ? LIMIT 1[0m  [["id", 2]]
  [1m[35mCACHE (0.0ms)[0m  SELECT  "categories".* FROM "categories" WHERE "categories"."id" = ? LIMIT 1  [["id", 1]]
  [1m[36mCategory Load (0.0ms)[0m  [1mSELECT  "categories".* FROM "categories" WHERE "categories"."id" = ? LIMIT 1[0m  [["id", 3]]
  Rendered expenses/index.html.erb within layouts/application (207.0ms)
Completed 200 OK in 7993ms (Views: 7926.5ms | ActiveRecord: 4.0ms)


Started GET "/assets/application.self-65d087d6890b8e6729d2723f3523c2a375b0e8f5f9b3ed2097d044b07055c20c.css?body=1" for ::1 at 2016-01-20 12:31:30 -0500


Started GET "/expenses?utf8=%E2%9C%93&concept=Gasolina&category_id=" for ::1 at 2016-01-20 12:31:44 -0500
Processing by ExpensesController#index as HTML
  Parameters: {"utf8"=>"✓", "concept"=>"Gasolina", "category_id"=>""}
  [1m[35mCategory Load (0.0ms)[0m  SELECT "categories".* FROM "categories"
  [1m[36mExpense Load (0.0ms)[0m  [1mSELECT "expenses".* FROM "expenses"  ORDER BY date DESC[0m
  [1m[35mCategory Load (0.0ms)[0m  SELECT  "categories".* FROM "categories" WHERE "categories"."id" = ? LIMIT 1  [["id", 1]]
  [1m[36mCategory Load (0.0ms)[0m  [1mSELECT  "categories".* FROM "categories" WHERE "categories"."id" = ? LIMIT 1[0m  [["id", 2]]
  [1m[35mCACHE (0.0ms)[0m  SELECT  "categories".* FROM "categories" WHERE "categories"."id" = ? LIMIT 1  [["id", 1]]
  [1m[36mCategory Load (1.0ms)[0m  [1mSELECT  "categories".* FROM "categories" WHERE "categories"."id" = ? LIMIT 1[0m  [["id", 3]]
  Rendered expenses/index.html.erb within layouts/application (13.0ms)
Completed 200 OK in 126ms (Views: 123.0ms | ActiveRecord: 1.0ms)


Started GET "/expenses?utf8=%E2%9C%93&concept=Gasolina&category_id=" for ::1 at 2016-01-20 12:31:47 -0500
Processing by ExpensesController#index as HTML
  Parameters: {"utf8"=>"✓", "concept"=>"Gasolina", "category_id"=>""}
  [1m[35mCategory Load (1.0ms)[0m  SELECT "categories".* FROM "categories"
  [1m[36mExpense Load (0.0ms)[0m  [1mSELECT "expenses".* FROM "expenses"  ORDER BY date DESC[0m
  [1m[35mCategory Load (0.0ms)[0m  SELECT  "categories".* FROM "categories" WHERE "categories"."id" = ? LIMIT 1  [["id", 1]]
  [1m[36mCategory Load (0.0ms)[0m  [1mSELECT  "categories".* FROM "categories" WHERE "categories"."id" = ? LIMIT 1[0m  [["id", 2]]
  [1m[35mCACHE (0.0ms)[0m  SELECT  "categories".* FROM "categories" WHERE "categories"."id" = ? LIMIT 1  [["id", 1]]
  [1m[36mCategory Load (0.0ms)[0m  [1mSELECT  "categories".* FROM "categories" WHERE "categories"."id" = ? LIMIT 1[0m  [["id", 3]]
  Rendered expenses/index.html.erb within layouts/application (10.0ms)
Completed 200 OK in 125ms (Views: 123.0ms | ActiveRecord: 1.0ms)


Started GET "/expenses?utf8=%E2%9C%93&concept=Gasolina&category_id=" for ::1 at 2016-01-20 12:31:47 -0500
Processing by ExpensesController#index as HTML
  Parameters: {"utf8"=>"✓", "concept"=>"Gasolina", "category_id"=>""}
  [1m[35mCategory Load (0.0ms)[0m  SELECT "categories".* FROM "categories"
  [1m[36mExpense Load (1.0ms)[0m  [1mSELECT "expenses".* FROM "expenses"  ORDER BY date DESC[0m
  [1m[35mCategory Load (0.0ms)[0m  SELECT  "categories".* FROM "categories" WHERE "categories"."id" = ? LIMIT 1  [["id", 1]]
  [1m[36mCategory Load (1.0ms)[0m  [1mSELECT  "categories".* FROM "categories" WHERE "categories"."id" = ? LIMIT 1[0m  [["id", 2]]
  [1m[35mCACHE (0.0ms)[0m  SELECT  "categories".* FROM "categories" WHERE "categories"."id" = ? LIMIT 1  [["id", 1]]
  [1m[36mCategory Load (1.0ms)[0m  [1mSELECT  "categories".* FROM "categories" WHERE "categories"."id" = ? LIMIT 1[0m  [["id", 3]]
  Rendered expenses/index.html.erb within layouts/application (11.0ms)
Completed 200 OK in 126ms (Views: 122.0ms | ActiveRecord: 3.0ms)


Started GET "/" for ::1 at 2016-01-20 14:24:57 -0500
Processing by ExpensesController#index as HTML
  [1m[35mCategory Load (0.0ms)[0m  SELECT "categories".* FROM "categories"
  [1m[36mExpense Load (0.0ms)[0m  [1mSELECT "expenses".* FROM "expenses"  ORDER BY date DESC[0m
  [1m[35mCategory Load (0.0ms)[0m  SELECT  "categories".* FROM "categories" WHERE "categories"."id" = ? LIMIT 1  [["id", 1]]
  [1m[36mCategory Load (0.0ms)[0m  [1mSELECT  "categories".* FROM "categories" WHERE "categories"."id" = ? LIMIT 1[0m  [["id", 2]]
  [1m[35mCACHE (0.0ms)[0m  SELECT  "categories".* FROM "categories" WHERE "categories"."id" = ? LIMIT 1  [["id", 1]]
  [1m[36mCategory Load (0.0ms)[0m  [1mSELECT  "categories".* FROM "categories" WHERE "categories"."id" = ? LIMIT 1[0m  [["id", 3]]
  Rendered expenses/index.html.erb within layouts/application (10.0ms)
Completed 200 OK in 192ms (Views: 190.0ms | ActiveRecord: 0.0ms)


Started GET "/" for ::1 at 2016-01-20 14:35:21 -0500
Processing by ExpensesController#index as HTML
  [1m[35mCategory Load (1.0ms)[0m  SELECT "categories".* FROM "categories"
  [1m[36mExpense Load (1.0ms)[0m  [1mSELECT "expenses".* FROM "expenses"  ORDER BY date DESC[0m
  [1m[35mCategory Load (0.0ms)[0m  SELECT  "categories".* FROM "categories" WHERE "categories"."id" = ? LIMIT 1  [["id", 1]]
  [1m[36mCategory Load (0.0ms)[0m  [1mSELECT  "categories".* FROM "categories" WHERE "categories"."id" = ? LIMIT 1[0m  [["id", 2]]
  [1m[35mCACHE (0.0ms)[0m  SELECT  "categories".* FROM "categories" WHERE "categories"."id" = ? LIMIT 1  [["id", 1]]
  [1m[36mCategory Load (0.0ms)[0m  [1mSELECT  "categories".* FROM "categories" WHERE "categories"."id" = ? LIMIT 1[0m  [["id", 3]]
  Rendered expenses/index.html.erb within layouts/application (28.0ms)
Completed 200 OK in 159ms (Views: 153.0ms | ActiveRecord: 3.0ms)


Started GET "/assets/application.self-65d087d6890b8e6729d2723f3523c2a375b0e8f5f9b3ed2097d044b07055c20c.css?body=1" for ::1 at 2016-01-20 14:35:22 -0500


Started GET "/assets/jquery.self-c64a74367bda6ef8b860f19e74df08927ca99d2be2ac934e9e92d5fd361e0da4.js?body=1" for ::1 at 2016-01-20 14:35:22 -0500


Started GET "/assets/turbolinks.self-c37727e9bd6b2735da5c311aa83fead54ed0be6cc8bd9a65309e9c5abe2cbfff.js?body=1" for ::1 at 2016-01-20 14:35:22 -0500


Started GET "/assets/bootstrap/affix.self-3555752f8a930795ee9e56751a52e6871104ae85d01b3ab8363da3802a5ecc78.js?body=1" for ::1 at 2016-01-20 14:35:22 -0500


Started GET "/assets/jquery_ujs.self-d602bdfe68ffc63b9f9cc512872aa3cfff046228a0a36e90dd476e8ef54c1b09.js?body=1" for ::1 at 2016-01-20 14:35:22 -0500


Started GET "/assets/bootstrap/alert.self-d8b7bd612b3dcfdefb7b5539b9d5848d66ccbd3e7af8bb8d48bfb3288aaa7be8.js?body=1" for ::1 at 2016-01-20 14:35:22 -0500


Started GET "/assets/bootstrap/button.self-e74d33ba39500940a78d6fa4d2d64f6ca7fd86d60a2149641f7fde7ba711d8a1.js?body=1" for ::1 at 2016-01-20 14:35:22 -0500


Started GET "/assets/bootstrap/carousel.self-35d204878d906298e55bc24553e11fd89b980fc4ffe5792fe36af8c0da289c54.js?body=1" for ::1 at 2016-01-20 14:35:22 -0500


Started GET "/assets/bootstrap/collapse.self-056c40532d9f0f126ec17e839f60c942f573fbd61a086e7f156306e3fc5e8c1f.js?body=1" for ::1 at 2016-01-20 14:35:22 -0500


Started GET "/assets/bootstrap/dropdown.self-e56c2ffee4618411d43ecf15c89273f6223847ad756e1cd17545d04afa732ed4.js?body=1" for ::1 at 2016-01-20 14:35:22 -0500


Started GET "/assets/bootstrap/modal.self-62463080dba6b9d024ff0a3192da0e76eacbc683194f3395047c6f5cfa0acb59.js?body=1" for ::1 at 2016-01-20 14:35:22 -0500


Started GET "/assets/bootstrap/scrollspy.self-52afd90e8ba97d9f08617a13986e8869d6c4a45751c0bff59a6f91241e722aca.js?body=1" for ::1 at 2016-01-20 14:35:22 -0500


Started GET "/assets/bootstrap/tab.self-dad0d5c377f9fae26394484535ebb23ccf68afae084f896af6ea4cdf8c9f6ae0.js?body=1" for ::1 at 2016-01-20 14:35:22 -0500


Started GET "/assets/bootstrap/transition.self-3b268d4cd8c79e46ded7392885f72f64ffb5b0d49948a12b8cf9779f6163e13a.js?body=1" for ::1 at 2016-01-20 14:35:22 -0500


Started GET "/assets/bootstrap/tooltip.self-facdc69246a072acb927ded77ff655f7c27a518b9357fddd45d119fbc8a0ab9f.js?body=1" for ::1 at 2016-01-20 14:35:22 -0500


Started GET "/assets/bootstrap/popover.self-210cff1fb4b72b71a29b5122180cb5937c8145cd13a934dc838280f1d9607a3e.js?body=1" for ::1 at 2016-01-20 14:35:22 -0500


Started GET "/assets/bootstrap-sprockets.self-fbfa5ad7d9aa0afe439ec4ff3883acc4cb92b62cb67c40d674320c9aa1d4642d.js?body=1" for ::1 at 2016-01-20 14:35:22 -0500


Started GET "/assets/expenses.self-877aef30ae1b040ab8a3aba4e3e309a11d7f2612f44dde450b5c157aa5f95c05.js?body=1" for ::1 at 2016-01-20 14:35:22 -0500


Started GET "/assets/application.self-f98a0dd27ad1c55b2b9cfe97296d4887e5d4a4535b3bbbf9130c1050771738b2.js?body=1" for ::1 at 2016-01-20 14:35:22 -0500


Started GET "/" for ::1 at 2016-01-20 14:35:27 -0500
Processing by ExpensesController#index as HTML
  [1m[35mCategory Load (1.0ms)[0m  SELECT "categories".* FROM "categories"
  [1m[36mExpense Load (0.0ms)[0m  [1mSELECT "expenses".* FROM "expenses"  ORDER BY date DESC[0m
  [1m[35mCategory Load (0.0ms)[0m  SELECT  "categories".* FROM "categories" WHERE "categories"."id" = ? LIMIT 1  [["id", 1]]
  [1m[36mCategory Load (0.0ms)[0m  [1mSELECT  "categories".* FROM "categories" WHERE "categories"."id" = ? LIMIT 1[0m  [["id", 2]]
  [1m[35mCACHE (0.0ms)[0m  SELECT  "categories".* FROM "categories" WHERE "categories"."id" = ? LIMIT 1  [["id", 1]]
  [1m[36mCategory Load (1.0ms)[0m  [1mSELECT  "categories".* FROM "categories" WHERE "categories"."id" = ? LIMIT 1[0m  [["id", 3]]
  Rendered expenses/index.html.erb within layouts/application (8.0ms)
Completed 200 OK in 125ms (Views: 123.0ms | ActiveRecord: 2.0ms)


Started GET "/assets/application.self-65d087d6890b8e6729d2723f3523c2a375b0e8f5f9b3ed2097d044b07055c20c.css?body=1" for ::1 at 2016-01-20 14:35:27 -0500


Started GET "/assets/bootstrap/affix.self-3555752f8a930795ee9e56751a52e6871104ae85d01b3ab8363da3802a5ecc78.js?body=1" for ::1 at 2016-01-20 14:35:27 -0500


Started GET "/assets/jquery.self-c64a74367bda6ef8b860f19e74df08927ca99d2be2ac934e9e92d5fd361e0da4.js?body=1" for ::1 at 2016-01-20 14:35:27 -0500


Started GET "/assets/turbolinks.self-c37727e9bd6b2735da5c311aa83fead54ed0be6cc8bd9a65309e9c5abe2cbfff.js?body=1" for ::1 at 2016-01-20 14:35:27 -0500


Started GET "/assets/jquery_ujs.self-d602bdfe68ffc63b9f9cc512872aa3cfff046228a0a36e90dd476e8ef54c1b09.js?body=1" for ::1 at 2016-01-20 14:35:27 -0500


Started GET "/assets/bootstrap/alert.self-d8b7bd612b3dcfdefb7b5539b9d5848d66ccbd3e7af8bb8d48bfb3288aaa7be8.js?body=1" for ::1 at 2016-01-20 14:35:27 -0500


Started GET "/assets/bootstrap/button.self-e74d33ba39500940a78d6fa4d2d64f6ca7fd86d60a2149641f7fde7ba711d8a1.js?body=1" for ::1 at 2016-01-20 14:35:27 -0500


Started GET "/assets/bootstrap/carousel.self-35d204878d906298e55bc24553e11fd89b980fc4ffe5792fe36af8c0da289c54.js?body=1" for ::1 at 2016-01-20 14:35:27 -0500


Started GET "/assets/bootstrap/collapse.self-056c40532d9f0f126ec17e839f60c942f573fbd61a086e7f156306e3fc5e8c1f.js?body=1" for ::1 at 2016-01-20 14:35:27 -0500


Started GET "/assets/bootstrap/dropdown.self-e56c2ffee4618411d43ecf15c89273f6223847ad756e1cd17545d04afa732ed4.js?body=1" for ::1 at 2016-01-20 14:35:27 -0500


Started GET "/assets/bootstrap/modal.self-62463080dba6b9d024ff0a3192da0e76eacbc683194f3395047c6f5cfa0acb59.js?body=1" for ::1 at 2016-01-20 14:35:27 -0500


Started GET "/assets/bootstrap/scrollspy.self-52afd90e8ba97d9f08617a13986e8869d6c4a45751c0bff59a6f91241e722aca.js?body=1" for ::1 at 2016-01-20 14:35:27 -0500


Started GET "/assets/bootstrap/tab.self-dad0d5c377f9fae26394484535ebb23ccf68afae084f896af6ea4cdf8c9f6ae0.js?body=1" for ::1 at 2016-01-20 14:35:27 -0500


Started GET "/assets/bootstrap/transition.self-3b268d4cd8c79e46ded7392885f72f64ffb5b0d49948a12b8cf9779f6163e13a.js?body=1" for ::1 at 2016-01-20 14:35:27 -0500


Started GET "/assets/bootstrap/tooltip.self-facdc69246a072acb927ded77ff655f7c27a518b9357fddd45d119fbc8a0ab9f.js?body=1" for ::1 at 2016-01-20 14:35:27 -0500


Started GET "/assets/bootstrap/popover.self-210cff1fb4b72b71a29b5122180cb5937c8145cd13a934dc838280f1d9607a3e.js?body=1" for ::1 at 2016-01-20 14:35:27 -0500


Started GET "/assets/bootstrap-sprockets.self-fbfa5ad7d9aa0afe439ec4ff3883acc4cb92b62cb67c40d674320c9aa1d4642d.js?body=1" for ::1 at 2016-01-20 14:35:27 -0500


Started GET "/assets/expenses.self-877aef30ae1b040ab8a3aba4e3e309a11d7f2612f44dde450b5c157aa5f95c05.js?body=1" for ::1 at 2016-01-20 14:35:27 -0500


Started GET "/assets/application.self-f98a0dd27ad1c55b2b9cfe97296d4887e5d4a4535b3bbbf9130c1050771738b2.js?body=1" for ::1 at 2016-01-20 14:35:27 -0500


Started GET "/expenses?utf8=%E2%9C%93&concept=Hamburguesas&category_id=" for ::1 at 2016-01-20 14:35:37 -0500
Processing by ExpensesController#index as HTML
  Parameters: {"utf8"=>"✓", "concept"=>"Hamburguesas", "category_id"=>""}
  [1m[35mExpense Load (0.0ms)[0m  SELECT "expenses".* FROM "expenses" WHERE "expenses"."id" IN (NULL, NULL)
Completed 404 Not Found in 153ms

ActiveRecord::RecordNotFound (Couldn't find all Expenses with 'id': (all, {:conditions=>["concept LIKE ?", "%Hamburguesas%"]}) (found 0 results, but was looking for 2)):
  app/controllers/expenses_controller.rb:17:in `index'


  Rendered c:/RailsInstaller/Ruby2.1.0/lib/ruby/gems/2.1.0/gems/actionpack-4.2.0/lib/action_dispatch/middleware/templates/rescues/_source.erb (1.0ms)
  Rendered c:/RailsInstaller/Ruby2.1.0/lib/ruby/gems/2.1.0/gems/actionpack-4.2.0/lib/action_dispatch/middleware/templates/rescues/_trace.html.erb (3.0ms)
  Rendered c:/RailsInstaller/Ruby2.1.0/lib/ruby/gems/2.1.0/gems/actionpack-4.2.0/lib/action_dispatch/middleware/templates/rescues/_request_and_response.html.erb (1.0ms)
  Rendered c:/RailsInstaller/Ruby2.1.0/lib/ruby/gems/2.1.0/gems/actionpack-4.2.0/lib/action_dispatch/middleware/templates/rescues/diagnostics.html.erb within rescues/layout (118.0ms)
  Rendered c:/RailsInstaller/Ruby2.1.0/lib/ruby/gems/2.1.0/gems/web-console-2.2.1/lib/web_console/templates/_markup.html.erb (1.0ms)
  Rendered c:/RailsInstaller/Ruby2.1.0/lib/ruby/gems/2.1.0/gems/web-console-2.2.1/lib/web_console/templates/_inner_console_markup.html.erb within layouts/inlined_string (1.0ms)
  Rendered c:/RailsInstaller/Ruby2.1.0/lib/ruby/gems/2.1.0/gems/web-console-2.2.1/lib/web_console/templates/_prompt_box_markup.html.erb within layouts/inlined_string (1.0ms)
  Rendered c:/RailsInstaller/Ruby2.1.0/lib/ruby/gems/2.1.0/gems/web-console-2.2.1/lib/web_console/templates/style.css.erb within layouts/inlined_string (0.0ms)
  Rendered c:/RailsInstaller/Ruby2.1.0/lib/ruby/gems/2.1.0/gems/web-console-2.2.1/lib/web_console/templates/console.js.erb within layouts/javascript (82.0ms)
  Rendered c:/RailsInstaller/Ruby2.1.0/lib/ruby/gems/2.1.0/gems/web-console-2.2.1/lib/web_console/templates/main.js.erb within layouts/javascript (1.0ms)
  Rendered c:/RailsInstaller/Ruby2.1.0/lib/ruby/gems/2.1.0/gems/web-console-2.2.1/lib/web_console/templates/error_page.js.erb within layouts/javascript (1.0ms)
  Rendered c:/RailsInstaller/Ruby2.1.0/lib/ruby/gems/2.1.0/gems/web-console-2.2.1/lib/web_console/templates/index.html.erb (210.0ms)


Started GET "/" for ::1 at 2016-01-20 14:39:43 -0500
Processing by ExpensesController#index as HTML
  [1m[36mExpense Load (0.0ms)[0m  [1mSELECT "expenses".* FROM "expenses"  ORDER BY date DESC[0m
  [1m[35mCategory Load (0.0ms)[0m  SELECT  "categories".* FROM "categories" WHERE "categories"."id" = ? LIMIT 1  [["id", 1]]
  [1m[36mCategory Load (0.0ms)[0m  [1mSELECT  "categories".* FROM "categories" WHERE "categories"."id" = ? LIMIT 1[0m  [["id", 2]]
  [1m[35mCACHE (0.0ms)[0m  SELECT  "categories".* FROM "categories" WHERE "categories"."id" = ? LIMIT 1  [["id", 1]]
  [1m[36mCategory Load (1.0ms)[0m  [1mSELECT  "categories".* FROM "categories" WHERE "categories"."id" = ? LIMIT 1[0m  [["id", 3]]
  Rendered expenses/index.html.erb within layouts/application (12.0ms)
Completed 200 OK in 146ms (Views: 145.0ms | ActiveRecord: 1.0ms)


Started GET "/assets/application.self-65d087d6890b8e6729d2723f3523c2a375b0e8f5f9b3ed2097d044b07055c20c.css?body=1" for ::1 at 2016-01-20 14:39:43 -0500


Started GET "/assets/jquery_ujs.self-d602bdfe68ffc63b9f9cc512872aa3cfff046228a0a36e90dd476e8ef54c1b09.js?body=1" for ::1 at 2016-01-20 14:39:43 -0500


Started GET "/assets/turbolinks.self-c37727e9bd6b2735da5c311aa83fead54ed0be6cc8bd9a65309e9c5abe2cbfff.js?body=1" for ::1 at 2016-01-20 14:39:43 -0500


Started GET "/assets/bootstrap/alert.self-d8b7bd612b3dcfdefb7b5539b9d5848d66ccbd3e7af8bb8d48bfb3288aaa7be8.js?body=1" for ::1 at 2016-01-20 14:39:43 -0500


Started GET "/assets/jquery.self-c64a74367bda6ef8b860f19e74df08927ca99d2be2ac934e9e92d5fd361e0da4.js?body=1" for ::1 at 2016-01-20 14:39:43 -0500


Started GET "/assets/bootstrap/affix.self-3555752f8a930795ee9e56751a52e6871104ae85d01b3ab8363da3802a5ecc78.js?body=1" for ::1 at 2016-01-20 14:39:43 -0500


Started GET "/assets/bootstrap/button.self-e74d33ba39500940a78d6fa4d2d64f6ca7fd86d60a2149641f7fde7ba711d8a1.js?body=1" for ::1 at 2016-01-20 14:39:43 -0500


Started GET "/assets/bootstrap/carousel.self-35d204878d906298e55bc24553e11fd89b980fc4ffe5792fe36af8c0da289c54.js?body=1" for ::1 at 2016-01-20 14:39:43 -0500


Started GET "/assets/bootstrap/collapse.self-056c40532d9f0f126ec17e839f60c942f573fbd61a086e7f156306e3fc5e8c1f.js?body=1" for ::1 at 2016-01-20 14:39:43 -0500


Started GET "/assets/bootstrap/dropdown.self-e56c2ffee4618411d43ecf15c89273f6223847ad756e1cd17545d04afa732ed4.js?body=1" for ::1 at 2016-01-20 14:39:43 -0500


Started GET "/assets/bootstrap/modal.self-62463080dba6b9d024ff0a3192da0e76eacbc683194f3395047c6f5cfa0acb59.js?body=1" for ::1 at 2016-01-20 14:39:43 -0500


Started GET "/assets/bootstrap/scrollspy.self-52afd90e8ba97d9f08617a13986e8869d6c4a45751c0bff59a6f91241e722aca.js?body=1" for ::1 at 2016-01-20 14:39:43 -0500


Started GET "/assets/bootstrap/tab.self-dad0d5c377f9fae26394484535ebb23ccf68afae084f896af6ea4cdf8c9f6ae0.js?body=1" for ::1 at 2016-01-20 14:39:43 -0500


Started GET "/assets/bootstrap/transition.self-3b268d4cd8c79e46ded7392885f72f64ffb5b0d49948a12b8cf9779f6163e13a.js?body=1" for ::1 at 2016-01-20 14:39:43 -0500


Started GET "/assets/bootstrap/tooltip.self-facdc69246a072acb927ded77ff655f7c27a518b9357fddd45d119fbc8a0ab9f.js?body=1" for ::1 at 2016-01-20 14:39:44 -0500


Started GET "/assets/bootstrap/popover.self-210cff1fb4b72b71a29b5122180cb5937c8145cd13a934dc838280f1d9607a3e.js?body=1" for ::1 at 2016-01-20 14:39:44 -0500


Started GET "/assets/bootstrap-sprockets.self-fbfa5ad7d9aa0afe439ec4ff3883acc4cb92b62cb67c40d674320c9aa1d4642d.js?body=1" for ::1 at 2016-01-20 14:39:44 -0500


Started GET "/assets/expenses.self-877aef30ae1b040ab8a3aba4e3e309a11d7f2612f44dde450b5c157aa5f95c05.js?body=1" for ::1 at 2016-01-20 14:39:44 -0500


Started GET "/assets/application.self-f98a0dd27ad1c55b2b9cfe97296d4887e5d4a4535b3bbbf9130c1050771738b2.js?body=1" for ::1 at 2016-01-20 14:39:44 -0500


Started GET "/expenses?utf8=%E2%9C%93&concept=Hamburguesas" for ::1 at 2016-01-20 14:39:51 -0500
Processing by ExpensesController#index as HTML
  Parameters: {"utf8"=>"✓", "concept"=>"Hamburguesas"}
  [1m[35mExpense Load (0.0ms)[0m  SELECT "expenses".* FROM "expenses" WHERE "expenses"."id" IN (NULL, NULL)
Completed 404 Not Found in 6ms

ActiveRecord::RecordNotFound (Couldn't find all Expenses with 'id': (all, {:conditions=>["concept LIKE ?", "%Hamburguesas%"]}) (found 0 results, but was looking for 2)):
  app/controllers/expenses_controller.rb:17:in `index'


  Rendered c:/RailsInstaller/Ruby2.1.0/lib/ruby/gems/2.1.0/gems/actionpack-4.2.0/lib/action_dispatch/middleware/templates/rescues/_source.erb (1.0ms)
  Rendered c:/RailsInstaller/Ruby2.1.0/lib/ruby/gems/2.1.0/gems/actionpack-4.2.0/lib/action_dispatch/middleware/templates/rescues/_trace.html.erb (2.0ms)
  Rendered c:/RailsInstaller/Ruby2.1.0/lib/ruby/gems/2.1.0/gems/actionpack-4.2.0/lib/action_dispatch/middleware/templates/rescues/_request_and_response.html.erb (1.0ms)
  Rendered c:/RailsInstaller/Ruby2.1.0/lib/ruby/gems/2.1.0/gems/actionpack-4.2.0/lib/action_dispatch/middleware/templates/rescues/diagnostics.html.erb within rescues/layout (68.0ms)
  Rendered c:/RailsInstaller/Ruby2.1.0/lib/ruby/gems/2.1.0/gems/web-console-2.2.1/lib/web_console/templates/_markup.html.erb (0.0ms)
  Rendered c:/RailsInstaller/Ruby2.1.0/lib/ruby/gems/2.1.0/gems/web-console-2.2.1/lib/web_console/templates/_inner_console_markup.html.erb within layouts/inlined_string (0.0ms)
  Rendered c:/RailsInstaller/Ruby2.1.0/lib/ruby/gems/2.1.0/gems/web-console-2.2.1/lib/web_console/templates/_prompt_box_markup.html.erb within layouts/inlined_string (0.0ms)
  Rendered c:/RailsInstaller/Ruby2.1.0/lib/ruby/gems/2.1.0/gems/web-console-2.2.1/lib/web_console/templates/style.css.erb within layouts/inlined_string (1.0ms)
  Rendered c:/RailsInstaller/Ruby2.1.0/lib/ruby/gems/2.1.0/gems/web-console-2.2.1/lib/web_console/templates/console.js.erb within layouts/javascript (68.0ms)
  Rendered c:/RailsInstaller/Ruby2.1.0/lib/ruby/gems/2.1.0/gems/web-console-2.2.1/lib/web_console/templates/main.js.erb within layouts/javascript (0.0ms)
  Rendered c:/RailsInstaller/Ruby2.1.0/lib/ruby/gems/2.1.0/gems/web-console-2.2.1/lib/web_console/templates/error_page.js.erb within layouts/javascript (0.0ms)
  Rendered c:/RailsInstaller/Ruby2.1.0/lib/ruby/gems/2.1.0/gems/web-console-2.2.1/lib/web_console/templates/index.html.erb (154.0ms)


Started GET "/" for ::1 at 2016-01-20 14:40:52 -0500
Processing by ExpensesController#index as HTML
  [1m[36mCategory Load (0.0ms)[0m  [1mSELECT "categories".* FROM "categories"[0m
  [1m[35mExpense Load (0.0ms)[0m  SELECT "expenses".* FROM "expenses"  ORDER BY date DESC
  [1m[36mCategory Load (0.0ms)[0m  [1mSELECT  "categories".* FROM "categories" WHERE "categories"."id" = ? LIMIT 1[0m  [["id", 1]]
  [1m[35mCategory Load (0.0ms)[0m  SELECT  "categories".* FROM "categories" WHERE "categories"."id" = ? LIMIT 1  [["id", 2]]
  [1m[36mCACHE (0.0ms)[0m  [1mSELECT  "categories".* FROM "categories" WHERE "categories"."id" = ? LIMIT 1[0m  [["id", 1]]
  [1m[35mCategory Load (0.0ms)[0m  SELECT  "categories".* FROM "categories" WHERE "categories"."id" = ? LIMIT 1  [["id", 3]]
  Rendered expenses/index.html.erb within layouts/application (11.0ms)
Completed 200 OK in 140ms (Views: 140.0ms | ActiveRecord: 0.0ms)


Started GET "/assets/bootstrap/alert.self-d8b7bd612b3dcfdefb7b5539b9d5848d66ccbd3e7af8bb8d48bfb3288aaa7be8.js?body=1" for ::1 at 2016-01-20 14:40:53 -0500


Started GET "/assets/jquery.self-c64a74367bda6ef8b860f19e74df08927ca99d2be2ac934e9e92d5fd361e0da4.js?body=1" for ::1 at 2016-01-20 14:40:53 -0500


Started GET "/assets/bootstrap/affix.self-3555752f8a930795ee9e56751a52e6871104ae85d01b3ab8363da3802a5ecc78.js?body=1" for ::1 at 2016-01-20 14:40:53 -0500


Started GET "/assets/jquery_ujs.self-d602bdfe68ffc63b9f9cc512872aa3cfff046228a0a36e90dd476e8ef54c1b09.js?body=1" for ::1 at 2016-01-20 14:40:53 -0500


Started GET "/assets/application.self-65d087d6890b8e6729d2723f3523c2a375b0e8f5f9b3ed2097d044b07055c20c.css?body=1" for ::1 at 2016-01-20 14:40:53 -0500


Started GET "/assets/turbolinks.self-c37727e9bd6b2735da5c311aa83fead54ed0be6cc8bd9a65309e9c5abe2cbfff.js?body=1" for ::1 at 2016-01-20 14:40:53 -0500


Started GET "/assets/bootstrap/button.self-e74d33ba39500940a78d6fa4d2d64f6ca7fd86d60a2149641f7fde7ba711d8a1.js?body=1" for ::1 at 2016-01-20 14:40:53 -0500


Started GET "/assets/bootstrap/carousel.self-35d204878d906298e55bc24553e11fd89b980fc4ffe5792fe36af8c0da289c54.js?body=1" for ::1 at 2016-01-20 14:40:53 -0500


Started GET "/assets/bootstrap/collapse.self-056c40532d9f0f126ec17e839f60c942f573fbd61a086e7f156306e3fc5e8c1f.js?body=1" for ::1 at 2016-01-20 14:40:53 -0500


Started GET "/assets/bootstrap/dropdown.self-e56c2ffee4618411d43ecf15c89273f6223847ad756e1cd17545d04afa732ed4.js?body=1" for ::1 at 2016-01-20 14:40:53 -0500


Started GET "/assets/bootstrap/modal.self-62463080dba6b9d024ff0a3192da0e76eacbc683194f3395047c6f5cfa0acb59.js?body=1" for ::1 at 2016-01-20 14:40:53 -0500


Started GET "/assets/bootstrap/scrollspy.self-52afd90e8ba97d9f08617a13986e8869d6c4a45751c0bff59a6f91241e722aca.js?body=1" for ::1 at 2016-01-20 14:40:53 -0500


Started GET "/assets/bootstrap/tab.self-dad0d5c377f9fae26394484535ebb23ccf68afae084f896af6ea4cdf8c9f6ae0.js?body=1" for ::1 at 2016-01-20 14:40:53 -0500


Started GET "/assets/bootstrap/transition.self-3b268d4cd8c79e46ded7392885f72f64ffb5b0d49948a12b8cf9779f6163e13a.js?body=1" for ::1 at 2016-01-20 14:40:53 -0500


Started GET "/assets/bootstrap/tooltip.self-facdc69246a072acb927ded77ff655f7c27a518b9357fddd45d119fbc8a0ab9f.js?body=1" for ::1 at 2016-01-20 14:40:53 -0500


Started GET "/assets/bootstrap/popover.self-210cff1fb4b72b71a29b5122180cb5937c8145cd13a934dc838280f1d9607a3e.js?body=1" for ::1 at 2016-01-20 14:40:53 -0500


Started GET "/assets/bootstrap-sprockets.self-fbfa5ad7d9aa0afe439ec4ff3883acc4cb92b62cb67c40d674320c9aa1d4642d.js?body=1" for ::1 at 2016-01-20 14:40:53 -0500


Started GET "/assets/expenses.self-877aef30ae1b040ab8a3aba4e3e309a11d7f2612f44dde450b5c157aa5f95c05.js?body=1" for ::1 at 2016-01-20 14:40:53 -0500


Started GET "/assets/application.self-f98a0dd27ad1c55b2b9cfe97296d4887e5d4a4535b3bbbf9130c1050771738b2.js?body=1" for ::1 at 2016-01-20 14:40:53 -0500


Started GET "/expenses?utf8=%E2%9C%93&concept=Hamburguesas&category_id=" for ::1 at 2016-01-20 14:42:49 -0500
Processing by ExpensesController#index as HTML
  Parameters: {"utf8"=>"✓", "concept"=>"Hamburguesas", "category_id"=>""}
  [1m[36mExpense Load (1.0ms)[0m  [1mSELECT "expenses".* FROM "expenses" WHERE "expenses"."id" IN (NULL, NULL)[0m
Completed 404 Not Found in 5ms

ActiveRecord::RecordNotFound (Couldn't find all Expenses with 'id': (all, {:conditions=>["concept LIKE ?", "%Hamburguesas%"]}) (found 0 results, but was looking for 2)):
  app/controllers/expenses_controller.rb:17:in `index'


  Rendered c:/RailsInstaller/Ruby2.1.0/lib/ruby/gems/2.1.0/gems/actionpack-4.2.0/lib/action_dispatch/middleware/templates/rescues/_source.erb (1.0ms)
  Rendered c:/RailsInstaller/Ruby2.1.0/lib/ruby/gems/2.1.0/gems/actionpack-4.2.0/lib/action_dispatch/middleware/templates/rescues/_trace.html.erb (3.0ms)
  Rendered c:/RailsInstaller/Ruby2.1.0/lib/ruby/gems/2.1.0/gems/actionpack-4.2.0/lib/action_dispatch/middleware/templates/rescues/_request_and_response.html.erb (1.0ms)
  Rendered c:/RailsInstaller/Ruby2.1.0/lib/ruby/gems/2.1.0/gems/actionpack-4.2.0/lib/action_dispatch/middleware/templates/rescues/diagnostics.html.erb within rescues/layout (68.0ms)
  Rendered c:/RailsInstaller/Ruby2.1.0/lib/ruby/gems/2.1.0/gems/web-console-2.2.1/lib/web_console/templates/_markup.html.erb (0.0ms)
  Rendered c:/RailsInstaller/Ruby2.1.0/lib/ruby/gems/2.1.0/gems/web-console-2.2.1/lib/web_console/templates/_inner_console_markup.html.erb within layouts/inlined_string (0.0ms)
  Rendered c:/RailsInstaller/Ruby2.1.0/lib/ruby/gems/2.1.0/gems/web-console-2.2.1/lib/web_console/templates/_prompt_box_markup.html.erb within layouts/inlined_string (0.0ms)
  Rendered c:/RailsInstaller/Ruby2.1.0/lib/ruby/gems/2.1.0/gems/web-console-2.2.1/lib/web_console/templates/style.css.erb within layouts/inlined_string (1.0ms)
  Rendered c:/RailsInstaller/Ruby2.1.0/lib/ruby/gems/2.1.0/gems/web-console-2.2.1/lib/web_console/templates/console.js.erb within layouts/javascript (67.0ms)
  Rendered c:/RailsInstaller/Ruby2.1.0/lib/ruby/gems/2.1.0/gems/web-console-2.2.1/lib/web_console/templates/main.js.erb within layouts/javascript (0.0ms)
  Rendered c:/RailsInstaller/Ruby2.1.0/lib/ruby/gems/2.1.0/gems/web-console-2.2.1/lib/web_console/templates/error_page.js.erb within layouts/javascript (0.0ms)
  Rendered c:/RailsInstaller/Ruby2.1.0/lib/ruby/gems/2.1.0/gems/web-console-2.2.1/lib/web_console/templates/index.html.erb (147.0ms)


Started GET "/expenses?utf8=%E2%9C%93&concept=Gasolina&category_id=" for ::1 at 2016-01-20 14:43:34 -0500
Processing by ExpensesController#index as HTML
  Parameters: {"utf8"=>"✓", "concept"=>"Gasolina", "category_id"=>""}
  [1m[35mExpense Load (0.0ms)[0m  SELECT "expenses".* FROM "expenses" WHERE "expenses"."id" IN (NULL, NULL)
Completed 404 Not Found in 4ms

ActiveRecord::RecordNotFound (Couldn't find all Expenses with 'id': (all, {:conditions=>["concept LIKE ?", "%Gasolina%"]}) (found 0 results, but was looking for 2)):
  app/controllers/expenses_controller.rb:17:in `index'


  Rendered c:/RailsInstaller/Ruby2.1.0/lib/ruby/gems/2.1.0/gems/actionpack-4.2.0/lib/action_dispatch/middleware/templates/rescues/_source.erb (1.0ms)
  Rendered c:/RailsInstaller/Ruby2.1.0/lib/ruby/gems/2.1.0/gems/actionpack-4.2.0/lib/action_dispatch/middleware/templates/rescues/_trace.html.erb (3.0ms)
  Rendered c:/RailsInstaller/Ruby2.1.0/lib/ruby/gems/2.1.0/gems/actionpack-4.2.0/lib/action_dispatch/middleware/templates/rescues/_request_and_response.html.erb (1.0ms)
  Rendered c:/RailsInstaller/Ruby2.1.0/lib/ruby/gems/2.1.0/gems/actionpack-4.2.0/lib/action_dispatch/middleware/templates/rescues/diagnostics.html.erb within rescues/layout (67.0ms)
  Rendered c:/RailsInstaller/Ruby2.1.0/lib/ruby/gems/2.1.0/gems/web-console-2.2.1/lib/web_console/templates/_markup.html.erb (1.0ms)
  Rendered c:/RailsInstaller/Ruby2.1.0/lib/ruby/gems/2.1.0/gems/web-console-2.2.1/lib/web_console/templates/_inner_console_markup.html.erb within layouts/inlined_string (1.0ms)
  Rendered c:/RailsInstaller/Ruby2.1.0/lib/ruby/gems/2.1.0/gems/web-console-2.2.1/lib/web_console/templates/_prompt_box_markup.html.erb within layouts/inlined_string (1.0ms)
  Rendered c:/RailsInstaller/Ruby2.1.0/lib/ruby/gems/2.1.0/gems/web-console-2.2.1/lib/web_console/templates/style.css.erb within layouts/inlined_string (0.0ms)
  Rendered c:/RailsInstaller/Ruby2.1.0/lib/ruby/gems/2.1.0/gems/web-console-2.2.1/lib/web_console/templates/console.js.erb within layouts/javascript (68.0ms)
  Rendered c:/RailsInstaller/Ruby2.1.0/lib/ruby/gems/2.1.0/gems/web-console-2.2.1/lib/web_console/templates/main.js.erb within layouts/javascript (0.0ms)
  Rendered c:/RailsInstaller/Ruby2.1.0/lib/ruby/gems/2.1.0/gems/web-console-2.2.1/lib/web_console/templates/error_page.js.erb within layouts/javascript (0.0ms)
  Rendered c:/RailsInstaller/Ruby2.1.0/lib/ruby/gems/2.1.0/gems/web-console-2.2.1/lib/web_console/templates/index.html.erb (151.0ms)


Started GET "/expenses?utf8=%E2%9C%93&concept=Gasolina&category_id=2" for ::1 at 2016-01-20 14:43:47 -0500
Processing by ExpensesController#index as HTML
  Parameters: {"utf8"=>"✓", "concept"=>"Gasolina", "category_id"=>"2"}
  [1m[36mExpense Load (1.0ms)[0m  [1mSELECT "expenses".* FROM "expenses" WHERE "expenses"."id" IN (NULL, NULL)[0m
Completed 404 Not Found in 4ms

ActiveRecord::RecordNotFound (Couldn't find all Expenses with 'id': (all, {:conditions=>["concept LIKE ?", "%Gasolina%"]}) (found 0 results, but was looking for 2)):
  app/controllers/expenses_controller.rb:17:in `index'


  Rendered c:/RailsInstaller/Ruby2.1.0/lib/ruby/gems/2.1.0/gems/actionpack-4.2.0/lib/action_dispatch/middleware/templates/rescues/_source.erb (1.0ms)
  Rendered c:/RailsInstaller/Ruby2.1.0/lib/ruby/gems/2.1.0/gems/actionpack-4.2.0/lib/action_dispatch/middleware/templates/rescues/_trace.html.erb (4.0ms)
  Rendered c:/RailsInstaller/Ruby2.1.0/lib/ruby/gems/2.1.0/gems/actionpack-4.2.0/lib/action_dispatch/middleware/templates/rescues/_request_and_response.html.erb (1.0ms)
  Rendered c:/RailsInstaller/Ruby2.1.0/lib/ruby/gems/2.1.0/gems/actionpack-4.2.0/lib/action_dispatch/middleware/templates/rescues/diagnostics.html.erb within rescues/layout (80.0ms)
  Rendered c:/RailsInstaller/Ruby2.1.0/lib/ruby/gems/2.1.0/gems/web-console-2.2.1/lib/web_console/templates/_markup.html.erb (1.0ms)
  Rendered c:/RailsInstaller/Ruby2.1.0/lib/ruby/gems/2.1.0/gems/web-console-2.2.1/lib/web_console/templates/_inner_console_markup.html.erb within layouts/inlined_string (0.0ms)
  Rendered c:/RailsInstaller/Ruby2.1.0/lib/ruby/gems/2.1.0/gems/web-console-2.2.1/lib/web_console/templates/_prompt_box_markup.html.erb within layouts/inlined_string (0.0ms)
  Rendered c:/RailsInstaller/Ruby2.1.0/lib/ruby/gems/2.1.0/gems/web-console-2.2.1/lib/web_console/templates/style.css.erb within layouts/inlined_string (1.0ms)
  Rendered c:/RailsInstaller/Ruby2.1.0/lib/ruby/gems/2.1.0/gems/web-console-2.2.1/lib/web_console/templates/console.js.erb within layouts/javascript (67.0ms)
  Rendered c:/RailsInstaller/Ruby2.1.0/lib/ruby/gems/2.1.0/gems/web-console-2.2.1/lib/web_console/templates/main.js.erb within layouts/javascript (0.0ms)
  Rendered c:/RailsInstaller/Ruby2.1.0/lib/ruby/gems/2.1.0/gems/web-console-2.2.1/lib/web_console/templates/error_page.js.erb within layouts/javascript (0.0ms)
  Rendered c:/RailsInstaller/Ruby2.1.0/lib/ruby/gems/2.1.0/gems/web-console-2.2.1/lib/web_console/templates/index.html.erb (150.0ms)


Started GET "/" for ::1 at 2016-01-20 15:00:04 -0500
Processing by ExpensesController#index as HTML
  [1m[35mExpense Load (0.0ms)[0m  SELECT  "expenses".* FROM "expenses" WHERE "expenses"."id" = NULL LIMIT 1
Completed 404 Not Found in 7ms

ActiveRecord::RecordNotFound (Couldn't find Expense with 'id'=all):
  app/models/expense.rb:20:in `search'
  app/controllers/expenses_controller.rb:16:in `index'


  Rendered c:/RailsInstaller/Ruby2.1.0/lib/ruby/gems/2.1.0/gems/actionpack-4.2.0/lib/action_dispatch/middleware/templates/rescues/_source.erb (1.0ms)
  Rendered c:/RailsInstaller/Ruby2.1.0/lib/ruby/gems/2.1.0/gems/actionpack-4.2.0/lib/action_dispatch/middleware/templates/rescues/_trace.html.erb (4.0ms)
  Rendered c:/RailsInstaller/Ruby2.1.0/lib/ruby/gems/2.1.0/gems/actionpack-4.2.0/lib/action_dispatch/middleware/templates/rescues/_request_and_response.html.erb (1.0ms)
  Rendered c:/RailsInstaller/Ruby2.1.0/lib/ruby/gems/2.1.0/gems/actionpack-4.2.0/lib/action_dispatch/middleware/templates/rescues/diagnostics.html.erb within rescues/layout (66.0ms)
  Rendered c:/RailsInstaller/Ruby2.1.0/lib/ruby/gems/2.1.0/gems/web-console-2.2.1/lib/web_console/templates/_markup.html.erb (1.0ms)
  Rendered c:/RailsInstaller/Ruby2.1.0/lib/ruby/gems/2.1.0/gems/web-console-2.2.1/lib/web_console/templates/_inner_console_markup.html.erb within layouts/inlined_string (0.0ms)
  Rendered c:/RailsInstaller/Ruby2.1.0/lib/ruby/gems/2.1.0/gems/web-console-2.2.1/lib/web_console/templates/_prompt_box_markup.html.erb within layouts/inlined_string (1.0ms)
  Rendered c:/RailsInstaller/Ruby2.1.0/lib/ruby/gems/2.1.0/gems/web-console-2.2.1/lib/web_console/templates/style.css.erb within layouts/inlined_string (1.0ms)
  Rendered c:/RailsInstaller/Ruby2.1.0/lib/ruby/gems/2.1.0/gems/web-console-2.2.1/lib/web_console/templates/console.js.erb within layouts/javascript (67.0ms)
  Rendered c:/RailsInstaller/Ruby2.1.0/lib/ruby/gems/2.1.0/gems/web-console-2.2.1/lib/web_console/templates/main.js.erb within layouts/javascript (1.0ms)
  Rendered c:/RailsInstaller/Ruby2.1.0/lib/ruby/gems/2.1.0/gems/web-console-2.2.1/lib/web_console/templates/error_page.js.erb within layouts/javascript (1.0ms)
  Rendered c:/RailsInstaller/Ruby2.1.0/lib/ruby/gems/2.1.0/gems/web-console-2.2.1/lib/web_console/templates/index.html.erb (148.0ms)


Started GET "/" for ::1 at 2016-01-20 15:07:00 -0500
Processing by ExpensesController#index as HTML
  [1m[36mCategory Load (0.0ms)[0m  [1mSELECT "categories".* FROM "categories"[0m
  [1m[35mExpense Load (1.0ms)[0m  SELECT "expenses".* FROM "expenses"  ORDER BY date DESC
  [1m[36mCategory Load (1.0ms)[0m  [1mSELECT  "categories".* FROM "categories" WHERE "categories"."id" = ? LIMIT 1[0m  [["id", 1]]
  [1m[35mCategory Load (0.0ms)[0m  SELECT  "categories".* FROM "categories" WHERE "categories"."id" = ? LIMIT 1  [["id", 2]]
  [1m[36mCACHE (0.0ms)[0m  [1mSELECT  "categories".* FROM "categories" WHERE "categories"."id" = ? LIMIT 1[0m  [["id", 1]]
  [1m[35mCategory Load (0.0ms)[0m  SELECT  "categories".* FROM "categories" WHERE "categories"."id" = ? LIMIT 1  [["id", 3]]
  Rendered expenses/index.html.erb within layouts/application (23.0ms)
Completed 200 OK in 153ms (Views: 147.0ms | ActiveRecord: 3.0ms)


Started GET "/assets/bootstrap/affix.self-3555752f8a930795ee9e56751a52e6871104ae85d01b3ab8363da3802a5ecc78.js?body=1" for ::1 at 2016-01-20 15:07:00 -0500


Started GET "/assets/bootstrap/alert.self-d8b7bd612b3dcfdefb7b5539b9d5848d66ccbd3e7af8bb8d48bfb3288aaa7be8.js?body=1" for ::1 at 2016-01-20 15:07:00 -0500


Started GET "/assets/jquery.self-c64a74367bda6ef8b860f19e74df08927ca99d2be2ac934e9e92d5fd361e0da4.js?body=1" for ::1 at 2016-01-20 15:07:00 -0500


Started GET "/assets/turbolinks.self-c37727e9bd6b2735da5c311aa83fead54ed0be6cc8bd9a65309e9c5abe2cbfff.js?body=1" for ::1 at 2016-01-20 15:07:00 -0500


Started GET "/assets/application.self-65d087d6890b8e6729d2723f3523c2a375b0e8f5f9b3ed2097d044b07055c20c.css?body=1" for ::1 at 2016-01-20 15:07:00 -0500


Started GET "/assets/jquery_ujs.self-d602bdfe68ffc63b9f9cc512872aa3cfff046228a0a36e90dd476e8ef54c1b09.js?body=1" for ::1 at 2016-01-20 15:07:00 -0500


Started GET "/assets/bootstrap/button.self-e74d33ba39500940a78d6fa4d2d64f6ca7fd86d60a2149641f7fde7ba711d8a1.js?body=1" for ::1 at 2016-01-20 15:07:00 -0500


Started GET "/assets/bootstrap/carousel.self-35d204878d906298e55bc24553e11fd89b980fc4ffe5792fe36af8c0da289c54.js?body=1" for ::1 at 2016-01-20 15:07:00 -0500


Started GET "/assets/bootstrap/collapse.self-056c40532d9f0f126ec17e839f60c942f573fbd61a086e7f156306e3fc5e8c1f.js?body=1" for ::1 at 2016-01-20 15:07:00 -0500


Started GET "/assets/bootstrap/dropdown.self-e56c2ffee4618411d43ecf15c89273f6223847ad756e1cd17545d04afa732ed4.js?body=1" for ::1 at 2016-01-20 15:07:00 -0500


Started GET "/assets/bootstrap/modal.self-62463080dba6b9d024ff0a3192da0e76eacbc683194f3395047c6f5cfa0acb59.js?body=1" for ::1 at 2016-01-20 15:07:00 -0500


Started GET "/assets/bootstrap/scrollspy.self-52afd90e8ba97d9f08617a13986e8869d6c4a45751c0bff59a6f91241e722aca.js?body=1" for ::1 at 2016-01-20 15:07:00 -0500


Started GET "/assets/bootstrap/tab.self-dad0d5c377f9fae26394484535ebb23ccf68afae084f896af6ea4cdf8c9f6ae0.js?body=1" for ::1 at 2016-01-20 15:07:00 -0500


Started GET "/assets/bootstrap/transition.self-3b268d4cd8c79e46ded7392885f72f64ffb5b0d49948a12b8cf9779f6163e13a.js?body=1" for ::1 at 2016-01-20 15:07:00 -0500


Started GET "/assets/bootstrap/tooltip.self-facdc69246a072acb927ded77ff655f7c27a518b9357fddd45d119fbc8a0ab9f.js?body=1" for ::1 at 2016-01-20 15:07:00 -0500


Started GET "/assets/bootstrap/popover.self-210cff1fb4b72b71a29b5122180cb5937c8145cd13a934dc838280f1d9607a3e.js?body=1" for ::1 at 2016-01-20 15:07:00 -0500


Started GET "/assets/bootstrap-sprockets.self-fbfa5ad7d9aa0afe439ec4ff3883acc4cb92b62cb67c40d674320c9aa1d4642d.js?body=1" for ::1 at 2016-01-20 15:07:00 -0500


Started GET "/assets/expenses.self-877aef30ae1b040ab8a3aba4e3e309a11d7f2612f44dde450b5c157aa5f95c05.js?body=1" for ::1 at 2016-01-20 15:07:00 -0500


Started GET "/assets/application.self-f98a0dd27ad1c55b2b9cfe97296d4887e5d4a4535b3bbbf9130c1050771738b2.js?body=1" for ::1 at 2016-01-20 15:07:01 -0500


Started GET "/expenses?utf8=%E2%9C%93&concept=Gasolina&category_id=" for ::1 at 2016-01-20 15:07:08 -0500
Processing by ExpensesController#index as HTML
  Parameters: {"utf8"=>"✓", "concept"=>"Gasolina", "category_id"=>""}
Completed 500 Internal Server Error in 4ms

NameError (undefined local variable or method `concept' for #<ExpensesController:0x979cfb0>):
  app/controllers/expenses_controller.rb:17:in `index'


  Rendered c:/RailsInstaller/Ruby2.1.0/lib/ruby/gems/2.1.0/gems/actionpack-4.2.0/lib/action_dispatch/middleware/templates/rescues/_source.erb (1.0ms)
  Rendered c:/RailsInstaller/Ruby2.1.0/lib/ruby/gems/2.1.0/gems/actionpack-4.2.0/lib/action_dispatch/middleware/templates/rescues/_trace.html.erb (3.0ms)
  Rendered c:/RailsInstaller/Ruby2.1.0/lib/ruby/gems/2.1.0/gems/actionpack-4.2.0/lib/action_dispatch/middleware/templates/rescues/_request_and_response.html.erb (1.0ms)
  Rendered c:/RailsInstaller/Ruby2.1.0/lib/ruby/gems/2.1.0/gems/actionpack-4.2.0/lib/action_dispatch/middleware/templates/rescues/diagnostics.html.erb within rescues/layout (71.0ms)
  Rendered c:/RailsInstaller/Ruby2.1.0/lib/ruby/gems/2.1.0/gems/web-console-2.2.1/lib/web_console/templates/_markup.html.erb (0.0ms)
  Rendered c:/RailsInstaller/Ruby2.1.0/lib/ruby/gems/2.1.0/gems/web-console-2.2.1/lib/web_console/templates/_inner_console_markup.html.erb within layouts/inlined_string (0.0ms)
  Rendered c:/RailsInstaller/Ruby2.1.0/lib/ruby/gems/2.1.0/gems/web-console-2.2.1/lib/web_console/templates/_prompt_box_markup.html.erb within layouts/inlined_string (0.0ms)
  Rendered c:/RailsInstaller/Ruby2.1.0/lib/ruby/gems/2.1.0/gems/web-console-2.2.1/lib/web_console/templates/style.css.erb within layouts/inlined_string (0.0ms)
  Rendered c:/RailsInstaller/Ruby2.1.0/lib/ruby/gems/2.1.0/gems/web-console-2.2.1/lib/web_console/templates/console.js.erb within layouts/javascript (71.0ms)
  Rendered c:/RailsInstaller/Ruby2.1.0/lib/ruby/gems/2.1.0/gems/web-console-2.2.1/lib/web_console/templates/main.js.erb within layouts/javascript (0.0ms)
  Rendered c:/RailsInstaller/Ruby2.1.0/lib/ruby/gems/2.1.0/gems/web-console-2.2.1/lib/web_console/templates/error_page.js.erb within layouts/javascript (1.0ms)
  Rendered c:/RailsInstaller/Ruby2.1.0/lib/ruby/gems/2.1.0/gems/web-console-2.2.1/lib/web_console/templates/index.html.erb (156.0ms)


Started GET "/expenses?utf8=%E2%9C%93&concept=Gasolina&category_id=" for ::1 at 2016-01-20 15:07:51 -0500
Processing by ExpensesController#index as HTML
  Parameters: {"utf8"=>"✓", "concept"=>"Gasolina", "category_id"=>""}
  [1m[36mCategory Load (1.0ms)[0m  [1mSELECT "categories".* FROM "categories"[0m
  [1m[35mExpense Load (0.0ms)[0m  SELECT "expenses".* FROM "expenses" WHERE "expenses"."concept" = ?  ORDER BY date DESC  [["concept", "Gasolina"]]
  [1m[36mCategory Load (0.0ms)[0m  [1mSELECT  "categories".* FROM "categories" WHERE "categories"."id" = ? LIMIT 1[0m  [["id", 2]]
  Rendered expenses/index.html.erb within layouts/application (19.0ms)
Completed 200 OK in 147ms (Views: 139.0ms | ActiveRecord: 2.0ms)


Started GET "/assets/turbolinks.self-c37727e9bd6b2735da5c311aa83fead54ed0be6cc8bd9a65309e9c5abe2cbfff.js?body=1" for ::1 at 2016-01-20 15:07:51 -0500


Started GET "/assets/bootstrap/alert.self-d8b7bd612b3dcfdefb7b5539b9d5848d66ccbd3e7af8bb8d48bfb3288aaa7be8.js?body=1" for ::1 at 2016-01-20 15:07:51 -0500


Started GET "/assets/jquery.self-c64a74367bda6ef8b860f19e74df08927ca99d2be2ac934e9e92d5fd361e0da4.js?body=1" for ::1 at 2016-01-20 15:07:51 -0500


Started GET "/assets/jquery_ujs.self-d602bdfe68ffc63b9f9cc512872aa3cfff046228a0a36e90dd476e8ef54c1b09.js?body=1" for ::1 at 2016-01-20 15:07:51 -0500


Started GET "/assets/application.self-65d087d6890b8e6729d2723f3523c2a375b0e8f5f9b3ed2097d044b07055c20c.css?body=1" for ::1 at 2016-01-20 15:07:51 -0500


Started GET "/assets/bootstrap/affix.self-3555752f8a930795ee9e56751a52e6871104ae85d01b3ab8363da3802a5ecc78.js?body=1" for ::1 at 2016-01-20 15:07:51 -0500


Started GET "/assets/bootstrap/button.self-e74d33ba39500940a78d6fa4d2d64f6ca7fd86d60a2149641f7fde7ba711d8a1.js?body=1" for ::1 at 2016-01-20 15:07:51 -0500


Started GET "/assets/bootstrap/carousel.self-35d204878d906298e55bc24553e11fd89b980fc4ffe5792fe36af8c0da289c54.js?body=1" for ::1 at 2016-01-20 15:07:51 -0500


Started GET "/assets/bootstrap/collapse.self-056c40532d9f0f126ec17e839f60c942f573fbd61a086e7f156306e3fc5e8c1f.js?body=1" for ::1 at 2016-01-20 15:07:51 -0500


Started GET "/assets/bootstrap/dropdown.self-e56c2ffee4618411d43ecf15c89273f6223847ad756e1cd17545d04afa732ed4.js?body=1" for ::1 at 2016-01-20 15:07:51 -0500


Started GET "/assets/bootstrap/modal.self-62463080dba6b9d024ff0a3192da0e76eacbc683194f3395047c6f5cfa0acb59.js?body=1" for ::1 at 2016-01-20 15:07:51 -0500


Started GET "/assets/bootstrap/scrollspy.self-52afd90e8ba97d9f08617a13986e8869d6c4a45751c0bff59a6f91241e722aca.js?body=1" for ::1 at 2016-01-20 15:07:51 -0500


Started GET "/assets/bootstrap/tab.self-dad0d5c377f9fae26394484535ebb23ccf68afae084f896af6ea4cdf8c9f6ae0.js?body=1" for ::1 at 2016-01-20 15:07:51 -0500


Started GET "/assets/bootstrap/transition.self-3b268d4cd8c79e46ded7392885f72f64ffb5b0d49948a12b8cf9779f6163e13a.js?body=1" for ::1 at 2016-01-20 15:07:51 -0500


Started GET "/assets/bootstrap/tooltip.self-facdc69246a072acb927ded77ff655f7c27a518b9357fddd45d119fbc8a0ab9f.js?body=1" for ::1 at 2016-01-20 15:07:51 -0500


Started GET "/assets/bootstrap/popover.self-210cff1fb4b72b71a29b5122180cb5937c8145cd13a934dc838280f1d9607a3e.js?body=1" for ::1 at 2016-01-20 15:07:51 -0500


Started GET "/assets/bootstrap-sprockets.self-fbfa5ad7d9aa0afe439ec4ff3883acc4cb92b62cb67c40d674320c9aa1d4642d.js?body=1" for ::1 at 2016-01-20 15:07:51 -0500


Started GET "/assets/expenses.self-877aef30ae1b040ab8a3aba4e3e309a11d7f2612f44dde450b5c157aa5f95c05.js?body=1" for ::1 at 2016-01-20 15:07:51 -0500


Started GET "/assets/application.self-f98a0dd27ad1c55b2b9cfe97296d4887e5d4a4535b3bbbf9130c1050771738b2.js?body=1" for ::1 at 2016-01-20 15:07:51 -0500


Started GET "/" for ::1 at 2016-01-20 15:20:28 -0500
  [1m[36mActiveRecord::SchemaMigration Load (0.0ms)[0m  [1mSELECT "schema_migrations".* FROM "schema_migrations"[0m
Processing by ExpensesController#index as HTML
  [1m[35mCategory Load (0.0ms)[0m  SELECT "categories".* FROM "categories"
  [1m[36mExpense Load (0.0ms)[0m  [1mSELECT "expenses".* FROM "expenses"  ORDER BY date DESC[0m
  [1m[35mCategory Load (0.0ms)[0m  SELECT  "categories".* FROM "categories" WHERE "categories"."id" = ? LIMIT 1  [["id", 1]]
  [1m[36mCategory Load (0.0ms)[0m  [1mSELECT  "categories".* FROM "categories" WHERE "categories"."id" = ? LIMIT 1[0m  [["id", 2]]
  [1m[35mCACHE (0.0ms)[0m  SELECT  "categories".* FROM "categories" WHERE "categories"."id" = ? LIMIT 1  [["id", 1]]
  [1m[36mCategory Load (0.0ms)[0m  [1mSELECT  "categories".* FROM "categories" WHERE "categories"."id" = ? LIMIT 1[0m  [["id", 3]]
  Rendered expenses/index.html.erb within layouts/application (94.0ms)
Completed 200 OK in 588ms (Views: 558.0ms | ActiveRecord: 0.0ms)


Started GET "/expenses?utf8=%E2%9C%93&concept=Hamburguesas+el+burral&category_id=" for ::1 at 2016-01-20 15:20:52 -0500
Processing by ExpensesController#index as HTML
  Parameters: {"utf8"=>"✓", "concept"=>"Hamburguesas el burral", "category_id"=>""}
  [1m[35mCategory Load (0.0ms)[0m  SELECT "categories".* FROM "categories"
  [1m[36mExpense Load (0.0ms)[0m  [1mSELECT "expenses".* FROM "expenses" WHERE "expenses"."concept" = ?  ORDER BY date DESC[0m  [["concept", "Hamburguesas el burral"]]
  [1m[35mCategory Load (0.0ms)[0m  SELECT  "categories".* FROM "categories" WHERE "categories"."id" = ? LIMIT 1  [["id", 1]]
  [1m[36mCACHE (0.0ms)[0m  [1mSELECT  "categories".* FROM "categories" WHERE "categories"."id" = ? LIMIT 1[0m  [["id", 1]]
  Rendered expenses/index.html.erb within layouts/application (8.0ms)
Completed 200 OK in 162ms (Views: 146.0ms | ActiveRecord: 0.0ms)


Started GET "/expenses?utf8=%E2%9C%93&concept=Hamburguesa&category_id=" for ::1 at 2016-01-20 15:21:45 -0500
Processing by ExpensesController#index as HTML
  Parameters: {"utf8"=>"✓", "concept"=>"Hamburguesa", "category_id"=>""}
  [1m[35mCategory Load (0.0ms)[0m  SELECT "categories".* FROM "categories"
  [1m[36mExpense Load (0.0ms)[0m  [1mSELECT "expenses".* FROM "expenses" WHERE "expenses"."concept" = ?  ORDER BY date DESC[0m  [["concept", "Hamburguesa"]]
  Rendered expenses/index.html.erb within layouts/application (7.0ms)
Completed 200 OK in 131ms (Views: 130.0ms | ActiveRecord: 0.0ms)


Started GET "/expenses?utf8=%E2%9C%93&concept=Hamburguesa&category_id=" for ::1 at 2016-01-20 15:25:56 -0500
Processing by ExpensesController#index as HTML
  Parameters: {"utf8"=>"✓", "concept"=>"Hamburguesa", "category_id"=>""}
  [1m[35mCategory Load (0.0ms)[0m  SELECT "categories".* FROM "categories"
  [1m[36mExpense Load (0.0ms)[0m  [1mSELECT "expenses".* FROM "expenses" WHERE (concept LIKE 'Hamburguesa')  ORDER BY date DESC[0m
  Rendered expenses/index.html.erb within layouts/application (11.0ms)
Completed 200 OK in 150ms (Views: 144.0ms | ActiveRecord: 0.0ms)


Started GET "/expenses?utf8=%E2%9C%93&concept=Hamburguesa&category_id=" for ::1 at 2016-01-20 15:26:53 -0500
Processing by ExpensesController#index as HTML
  Parameters: {"utf8"=>"✓", "concept"=>"Hamburguesa", "category_id"=>""}
Completed 500 Internal Server Error in 7ms

NameError (undefined local variable or method `concept' for #<ExpensesController:0x9abfc60>):
  app/controllers/expenses_controller.rb:17:in `index'


  Rendered c:/RailsInstaller/Ruby2.1.0/lib/ruby/gems/2.1.0/gems/actionpack-4.2.0/lib/action_dispatch/middleware/templates/rescues/_source.erb (1.0ms)
  Rendered c:/RailsInstaller/Ruby2.1.0/lib/ruby/gems/2.1.0/gems/actionpack-4.2.0/lib/action_dispatch/middleware/templates/rescues/_trace.html.erb (3.0ms)
  Rendered c:/RailsInstaller/Ruby2.1.0/lib/ruby/gems/2.1.0/gems/actionpack-4.2.0/lib/action_dispatch/middleware/templates/rescues/_request_and_response.html.erb (0.0ms)
  Rendered c:/RailsInstaller/Ruby2.1.0/lib/ruby/gems/2.1.0/gems/actionpack-4.2.0/lib/action_dispatch/middleware/templates/rescues/diagnostics.html.erb within rescues/layout (69.0ms)
  Rendered c:/RailsInstaller/Ruby2.1.0/lib/ruby/gems/2.1.0/gems/web-console-2.2.1/lib/web_console/templates/_markup.html.erb (0.0ms)
  Rendered c:/RailsInstaller/Ruby2.1.0/lib/ruby/gems/2.1.0/gems/web-console-2.2.1/lib/web_console/templates/_inner_console_markup.html.erb within layouts/inlined_string (1.0ms)
  Rendered c:/RailsInstaller/Ruby2.1.0/lib/ruby/gems/2.1.0/gems/web-console-2.2.1/lib/web_console/templates/_prompt_box_markup.html.erb within layouts/inlined_string (1.0ms)
  Rendered c:/RailsInstaller/Ruby2.1.0/lib/ruby/gems/2.1.0/gems/web-console-2.2.1/lib/web_console/templates/style.css.erb within layouts/inlined_string (0.0ms)
  Rendered c:/RailsInstaller/Ruby2.1.0/lib/ruby/gems/2.1.0/gems/web-console-2.2.1/lib/web_console/templates/console.js.erb within layouts/javascript (67.0ms)
  Rendered c:/RailsInstaller/Ruby2.1.0/lib/ruby/gems/2.1.0/gems/web-console-2.2.1/lib/web_console/templates/main.js.erb within layouts/javascript (1.0ms)
  Rendered c:/RailsInstaller/Ruby2.1.0/lib/ruby/gems/2.1.0/gems/web-console-2.2.1/lib/web_console/templates/error_page.js.erb within layouts/javascript (1.0ms)
  Rendered c:/RailsInstaller/Ruby2.1.0/lib/ruby/gems/2.1.0/gems/web-console-2.2.1/lib/web_console/templates/index.html.erb (154.0ms)


Started GET "/" for ::1 at 2016-01-20 15:30:49 -0500
Processing by ExpensesController#index as HTML
  [1m[35mCategory Load (0.0ms)[0m  SELECT "categories".* FROM "categories"
  [1m[36mExpense Load (0.0ms)[0m  [1mSELECT "expenses".* FROM "expenses"  ORDER BY date DESC[0m
  [1m[35mCategory Load (1.0ms)[0m  SELECT  "categories".* FROM "categories" WHERE "categories"."id" = ? LIMIT 1  [["id", 1]]
  [1m[36mCategory Load (0.0ms)[0m  [1mSELECT  "categories".* FROM "categories" WHERE "categories"."id" = ? LIMIT 1[0m  [["id", 2]]
  [1m[35mCACHE (0.0ms)[0m  SELECT  "categories".* FROM "categories" WHERE "categories"."id" = ? LIMIT 1  [["id", 1]]
  [1m[36mCategory Load (0.0ms)[0m  [1mSELECT  "categories".* FROM "categories" WHERE "categories"."id" = ? LIMIT 1[0m  [["id", 3]]
  Rendered expenses/index.html.erb within layouts/application (23.0ms)
Completed 200 OK in 157ms (Views: 151.0ms | ActiveRecord: 3.0ms)


Started GET "/expenses?utf8=%E2%9C%93&concept=Hamburguesa&category_id=" for ::1 at 2016-01-20 15:31:01 -0500
Processing by ExpensesController#index as HTML
  Parameters: {"utf8"=>"✓", "concept"=>"Hamburguesa", "category_id"=>""}
  [1m[35mCategory Load (0.0ms)[0m  SELECT "categories".* FROM "categories"
  [1m[36mExpense Load (0.0ms)[0m  [1mSELECT "expenses".* FROM "expenses" WHERE (concept LIKE '%Hamburguesa%')  ORDER BY date DESC[0m
  [1m[35mCategory Load (0.0ms)[0m  SELECT  "categories".* FROM "categories" WHERE "categories"."id" = ? LIMIT 1  [["id", 1]]
  [1m[36mCACHE (0.0ms)[0m  [1mSELECT  "categories".* FROM "categories" WHERE "categories"."id" = ? LIMIT 1[0m  [["id", 1]]
  Rendered expenses/index.html.erb within layouts/application (6.0ms)
Completed 200 OK in 137ms (Views: 136.0ms | ActiveRecord: 0.0ms)
